[2019-12-06 09:32:26,828] INFO Starting the log cleaner (kafka.log.LogCleaner)
[2019-12-06 09:32:26,913] INFO [kafka-log-cleaner-thread-0]: Starting (kafka.log.LogCleaner)
[2019-12-06 14:41:04,748] INFO Starting the log cleaner (kafka.log.LogCleaner)
[2019-12-06 14:41:04,943] INFO [kafka-log-cleaner-thread-0]: Starting (kafka.log.LogCleaner)
[2020-01-20 11:31:14,226] INFO Starting the log cleaner (kafka.log.LogCleaner)
[2020-01-20 11:31:14,354] INFO [kafka-log-cleaner-thread-0]: Starting (kafka.log.LogCleaner)
[2020-01-20 11:31:29,442] INFO Cleaner 0: Beginning cleaning of log __consumer_offsets-7. (kafka.log.LogCleaner)
[2020-01-20 11:31:29,445] INFO Cleaner 0: Building offset map for __consumer_offsets-7... (kafka.log.LogCleaner)
[2020-01-20 11:31:29,492] INFO Cleaner 0: Building offset map for log __consumer_offsets-7 for 1 segments in offset range [0, 1). (kafka.log.LogCleaner)
[2020-01-20 11:31:29,553] INFO Cleaner 0: Offset map for log __consumer_offsets-7 complete. (kafka.log.LogCleaner)
[2020-01-20 11:31:29,574] INFO Cleaner 0: Cleaning log __consumer_offsets-7 (cleaning prior to Fri Dec 06 16:06:51 GMT 2019, discarding tombstones prior to Thu Jan 01 01:00:00 GMT 1970)... (kafka.log.LogCleaner)
[2020-01-20 11:31:29,591] INFO Cleaner 0: Cleaning segment 0 in log __consumer_offsets-7 (largest timestamp Fri Dec 06 16:06:51 GMT 2019) into 0, retaining deletes. (kafka.log.LogCleaner)
[2020-01-20 11:31:29,675] INFO Cleaner 0: Swapping in cleaned segment LogSegment(baseOffset=0, size=324) for segment(s) List(LogSegment(baseOffset=0, size=324)) in log Log(C:\tmp\kafka-logs\__consumer_offsets-7) (kafka.log.LogCleaner)
[2020-01-20 11:31:29,796] INFO Cleaner 0: Beginning cleaning of log __consumer_offsets-7. (kafka.log.LogCleaner)
[2020-01-20 11:31:29,796] INFO Cleaner 0: Building offset map for __consumer_offsets-7... (kafka.log.LogCleaner)
[2020-01-20 11:31:29,868] INFO Cleaner 0: Building offset map for log __consumer_offsets-7 for 1 segments in offset range [0, 1). (kafka.log.LogCleaner)
[2020-01-20 11:31:29,870] INFO Cleaner 0: Offset map for log __consumer_offsets-7 complete. (kafka.log.LogCleaner)
[2020-01-20 11:31:29,870] INFO Cleaner 0: Cleaning log __consumer_offsets-7 (cleaning prior to Fri Dec 06 16:06:51 GMT 2019, discarding tombstones prior to Thu Jan 01 01:00:00 GMT 1970)... (kafka.log.LogCleaner)
[2020-01-20 11:33:38,067] INFO Starting the log cleaner (kafka.log.LogCleaner)
[2020-01-20 11:33:38,175] INFO [kafka-log-cleaner-thread-0]: Starting (kafka.log.LogCleaner)
[2020-01-20 11:33:38,235] INFO Cleaner 0: Beginning cleaning of log __consumer_offsets-7. (kafka.log.LogCleaner)
[2020-01-20 11:33:38,236] INFO Cleaner 0: Building offset map for __consumer_offsets-7... (kafka.log.LogCleaner)
[2020-01-20 11:33:38,281] INFO Cleaner 0: Building offset map for log __consumer_offsets-7 for 1 segments in offset range [0, 1). (kafka.log.LogCleaner)
[2020-01-20 11:33:38,324] INFO Cleaner 0: Offset map for log __consumer_offsets-7 complete. (kafka.log.LogCleaner)
[2020-01-20 11:33:38,331] INFO Cleaner 0: Cleaning log __consumer_offsets-7 (cleaning prior to Fri Dec 06 16:06:51 GMT 2019, discarding tombstones prior to Thu Jan 01 01:00:00 GMT 1970)... (kafka.log.LogCleaner)
[2020-01-20 11:33:38,339] INFO Cleaner 0: Cleaning segment 0 in log __consumer_offsets-7 (largest timestamp Fri Dec 06 16:06:51 GMT 2019) into 0, retaining deletes. (kafka.log.LogCleaner)
[2020-01-20 11:33:38,467] INFO Cleaner 0: Swapping in cleaned segment LogSegment(baseOffset=0, size=324) for segment(s) List(LogSegment(baseOffset=0, size=324)) in log Log(C:\tmp\kafka-logs\__consumer_offsets-7) (kafka.log.LogCleaner)
[2020-01-20 11:33:38,579] INFO Cleaner 0: Beginning cleaning of log __consumer_offsets-7. (kafka.log.LogCleaner)
[2020-01-20 11:33:38,579] INFO Cleaner 0: Building offset map for __consumer_offsets-7... (kafka.log.LogCleaner)
[2020-01-20 11:33:38,629] INFO Cleaner 0: Building offset map for log __consumer_offsets-7 for 1 segments in offset range [0, 1). (kafka.log.LogCleaner)
[2020-01-20 11:33:38,631] INFO Cleaner 0: Offset map for log __consumer_offsets-7 complete. (kafka.log.LogCleaner)
[2020-01-20 11:33:38,635] INFO Cleaner 0: Cleaning log __consumer_offsets-7 (cleaning prior to Fri Dec 06 16:06:51 GMT 2019, discarding tombstones prior to Thu Jan 01 01:00:00 GMT 1970)... (kafka.log.LogCleaner)
[2020-01-20 11:33:38,714] INFO Cleaner 0: Beginning cleaning of log __consumer_offsets-7. (kafka.log.LogCleaner)
[2020-01-20 11:33:38,714] INFO Cleaner 0: Building offset map for __consumer_offsets-7... (kafka.log.LogCleaner)
[2020-01-20 11:33:38,759] INFO Cleaner 0: Building offset map for log __consumer_offsets-7 for 1 segments in offset range [0, 1). (kafka.log.LogCleaner)
[2020-01-20 11:33:38,760] INFO Cleaner 0: Offset map for log __consumer_offsets-7 complete. (kafka.log.LogCleaner)
[2020-01-20 11:33:38,761] INFO Cleaner 0: Cleaning log __consumer_offsets-7 (cleaning prior to Fri Dec 06 16:06:51 GMT 2019, discarding tombstones prior to Thu Jan 01 01:00:00 GMT 1970)... (kafka.log.LogCleaner)
[2020-01-20 11:33:38,846] INFO Cleaner 0: Beginning cleaning of log __consumer_offsets-7. (kafka.log.LogCleaner)
[2020-01-20 11:33:38,847] INFO Cleaner 0: Building offset map for __consumer_offsets-7... (kafka.log.LogCleaner)
[2020-01-20 11:33:38,896] INFO Cleaner 0: Building offset map for log __consumer_offsets-7 for 1 segments in offset range [0, 1). (kafka.log.LogCleaner)
[2020-01-20 11:33:38,898] INFO Cleaner 0: Offset map for log __consumer_offsets-7 complete. (kafka.log.LogCleaner)
[2020-01-20 11:33:38,899] INFO Cleaner 0: Cleaning log __consumer_offsets-7 (cleaning prior to Fri Dec 06 16:06:51 GMT 2019, discarding tombstones prior to Thu Jan 01 01:00:00 GMT 1970)... (kafka.log.LogCleaner)
[2020-01-20 11:33:38,931] INFO Cleaner 0: Beginning cleaning of log __consumer_offsets-7. (kafka.log.LogCleaner)
[2020-01-20 11:33:38,931] INFO Cleaner 0: Building offset map for __consumer_offsets-7... (kafka.log.LogCleaner)
[2020-01-20 11:33:39,002] INFO Cleaner 0: Building offset map for log __consumer_offsets-7 for 1 segments in offset range [0, 1). (kafka.log.LogCleaner)
[2020-01-20 11:33:39,002] INFO Cleaner 0: Offset map for log __consumer_offsets-7 complete. (kafka.log.LogCleaner)
[2020-01-20 11:33:39,003] INFO Cleaner 0: Cleaning log __consumer_offsets-7 (cleaning prior to Fri Dec 06 16:06:51 GMT 2019, discarding tombstones prior to Thu Jan 01 01:00:00 GMT 1970)... (kafka.log.LogCleaner)
[2020-01-20 11:33:39,060] INFO Cleaner 0: Beginning cleaning of log __consumer_offsets-7. (kafka.log.LogCleaner)
[2020-01-20 11:33:39,060] INFO Cleaner 0: Building offset map for __consumer_offsets-7... (kafka.log.LogCleaner)
[2020-01-20 11:33:39,102] INFO Cleaner 0: Building offset map for log __consumer_offsets-7 for 1 segments in offset range [0, 1). (kafka.log.LogCleaner)
[2020-01-20 11:33:39,103] INFO Cleaner 0: Offset map for log __consumer_offsets-7 complete. (kafka.log.LogCleaner)
[2020-01-20 11:33:39,104] INFO Cleaner 0: Cleaning log __consumer_offsets-7 (cleaning prior to Fri Dec 06 16:06:51 GMT 2019, discarding tombstones prior to Thu Jan 01 01:00:00 GMT 1970)... (kafka.log.LogCleaner)
[2020-01-20 11:33:39,138] INFO Cleaner 0: Beginning cleaning of log __consumer_offsets-7. (kafka.log.LogCleaner)
[2020-01-20 11:33:39,138] INFO Cleaner 0: Building offset map for __consumer_offsets-7... (kafka.log.LogCleaner)
[2020-01-20 11:33:39,179] INFO Cleaner 0: Building offset map for log __consumer_offsets-7 for 1 segments in offset range [0, 1). (kafka.log.LogCleaner)
[2020-01-20 11:33:39,181] INFO Cleaner 0: Offset map for log __consumer_offsets-7 complete. (kafka.log.LogCleaner)
[2020-01-20 11:33:39,182] INFO Cleaner 0: Cleaning log __consumer_offsets-7 (cleaning prior to Fri Dec 06 16:06:51 GMT 2019, discarding tombstones prior to Thu Jan 01 01:00:00 GMT 1970)... (kafka.log.LogCleaner)
[2020-01-20 11:33:39,239] INFO Cleaner 0: Beginning cleaning of log __consumer_offsets-7. (kafka.log.LogCleaner)
[2020-01-20 11:33:39,239] INFO Cleaner 0: Building offset map for __consumer_offsets-7... (kafka.log.LogCleaner)
[2020-03-04 13:17:45,787] INFO Starting the log cleaner (kafka.log.LogCleaner)
[2020-03-04 13:17:45,957] INFO [kafka-log-cleaner-thread-0]: Starting (kafka.log.LogCleaner)
[2020-03-04 13:17:46,046] INFO Cleaner 0: Beginning cleaning of log __consumer_offsets-7. (kafka.log.LogCleaner)
[2020-03-04 13:17:46,047] INFO Cleaner 0: Building offset map for __consumer_offsets-7... (kafka.log.LogCleaner)
[2020-03-04 13:17:46,113] INFO Cleaner 0: Building offset map for log __consumer_offsets-7 for 1 segments in offset range [0, 1). (kafka.log.LogCleaner)
[2020-03-04 13:17:46,183] INFO Cleaner 0: Offset map for log __consumer_offsets-7 complete. (kafka.log.LogCleaner)
[2020-03-04 13:17:46,196] INFO Cleaner 0: Cleaning log __consumer_offsets-7 (cleaning prior to Fri Dec 06 16:06:51 GMT 2019, discarding tombstones prior to Thu Jan 01 01:00:00 GMT 1970)... (kafka.log.LogCleaner)
[2020-03-04 13:17:46,207] INFO Cleaner 0: Cleaning segment 0 in log __consumer_offsets-7 (largest timestamp Fri Dec 06 16:06:51 GMT 2019) into 0, retaining deletes. (kafka.log.LogCleaner)
[2020-03-04 13:17:46,335] INFO Cleaner 0: Swapping in cleaned segment LogSegment(baseOffset=0, size=324) for segment(s) List(LogSegment(baseOffset=0, size=324)) in log Log(C:\tmp\kafka-logs\__consumer_offsets-7) (kafka.log.LogCleaner)
[2020-03-04 13:17:46,458] INFO Cleaner 0: Beginning cleaning of log __consumer_offsets-7. (kafka.log.LogCleaner)
[2020-03-04 13:17:46,459] INFO Cleaner 0: Building offset map for __consumer_offsets-7... (kafka.log.LogCleaner)
[2020-03-04 13:17:46,529] INFO Cleaner 0: Building offset map for log __consumer_offsets-7 for 1 segments in offset range [0, 1). (kafka.log.LogCleaner)
[2020-03-04 13:17:46,530] INFO Cleaner 0: Offset map for log __consumer_offsets-7 complete. (kafka.log.LogCleaner)
[2020-03-04 13:17:46,530] INFO Cleaner 0: Cleaning log __consumer_offsets-7 (cleaning prior to Fri Dec 06 16:06:51 GMT 2019, discarding tombstones prior to Thu Jan 01 01:00:00 GMT 1970)... (kafka.log.LogCleaner)
[2020-03-04 13:17:46,611] INFO Cleaner 0: Beginning cleaning of log __consumer_offsets-7. (kafka.log.LogCleaner)
[2020-03-04 13:17:46,611] INFO Cleaner 0: Building offset map for __consumer_offsets-7... (kafka.log.LogCleaner)
[2020-03-04 13:17:46,664] INFO Cleaner 0: Building offset map for log __consumer_offsets-7 for 1 segments in offset range [0, 1). (kafka.log.LogCleaner)
[2020-03-04 13:17:46,665] INFO Cleaner 0: Offset map for log __consumer_offsets-7 complete. (kafka.log.LogCleaner)
[2020-03-04 13:17:46,665] INFO Cleaner 0: Cleaning log __consumer_offsets-7 (cleaning prior to Fri Dec 06 16:06:51 GMT 2019, discarding tombstones prior to Thu Jan 01 01:00:00 GMT 1970)... (kafka.log.LogCleaner)
[2020-03-04 13:17:46,713] INFO Cleaner 0: Beginning cleaning of log __consumer_offsets-7. (kafka.log.LogCleaner)
[2020-03-04 13:17:46,713] INFO Cleaner 0: Building offset map for __consumer_offsets-7... (kafka.log.LogCleaner)
[2020-03-04 13:17:46,763] INFO Cleaner 0: Building offset map for log __consumer_offsets-7 for 1 segments in offset range [0, 1). (kafka.log.LogCleaner)
[2020-03-04 13:17:46,765] INFO Cleaner 0: Offset map for log __consumer_offsets-7 complete. (kafka.log.LogCleaner)
[2020-03-04 13:17:46,765] INFO Cleaner 0: Cleaning log __consumer_offsets-7 (cleaning prior to Fri Dec 06 16:06:51 GMT 2019, discarding tombstones prior to Thu Jan 01 01:00:00 GMT 1970)... (kafka.log.LogCleaner)
[2020-03-04 13:17:46,794] INFO Cleaner 0: Beginning cleaning of log __consumer_offsets-7. (kafka.log.LogCleaner)
[2020-03-04 13:17:46,794] INFO Cleaner 0: Building offset map for __consumer_offsets-7... (kafka.log.LogCleaner)
[2020-03-04 13:17:46,848] INFO Cleaner 0: Building offset map for log __consumer_offsets-7 for 1 segments in offset range [0, 1). (kafka.log.LogCleaner)
[2020-03-04 13:17:46,849] INFO Cleaner 0: Offset map for log __consumer_offsets-7 complete. (kafka.log.LogCleaner)
[2020-03-04 13:17:46,849] INFO Cleaner 0: Cleaning log __consumer_offsets-7 (cleaning prior to Fri Dec 06 16:06:51 GMT 2019, discarding tombstones prior to Thu Jan 01 01:00:00 GMT 1970)... (kafka.log.LogCleaner)
[2020-03-04 13:17:46,890] INFO Cleaner 0: Beginning cleaning of log __consumer_offsets-7. (kafka.log.LogCleaner)
[2020-03-04 13:17:46,891] INFO Cleaner 0: Building offset map for __consumer_offsets-7... (kafka.log.LogCleaner)
[2020-03-04 13:17:46,949] INFO Cleaner 0: Building offset map for log __consumer_offsets-7 for 1 segments in offset range [0, 1). (kafka.log.LogCleaner)
[2020-03-04 13:17:46,953] INFO Cleaner 0: Offset map for log __consumer_offsets-7 complete. (kafka.log.LogCleaner)
[2020-03-04 13:17:46,954] INFO Cleaner 0: Cleaning log __consumer_offsets-7 (cleaning prior to Fri Dec 06 16:06:51 GMT 2019, discarding tombstones prior to Thu Jan 01 01:00:00 GMT 1970)... (kafka.log.LogCleaner)
[2020-03-04 13:17:47,001] INFO Cleaner 0: Beginning cleaning of log __consumer_offsets-7. (kafka.log.LogCleaner)
[2020-03-04 13:17:47,002] INFO Cleaner 0: Building offset map for __consumer_offsets-7... (kafka.log.LogCleaner)
[2020-03-04 13:17:47,052] INFO Cleaner 0: Building offset map for log __consumer_offsets-7 for 1 segments in offset range [0, 1). (kafka.log.LogCleaner)
[2020-03-04 13:17:47,054] INFO Cleaner 0: Offset map for log __consumer_offsets-7 complete. (kafka.log.LogCleaner)
[2020-03-04 13:17:47,054] INFO Cleaner 0: Cleaning log __consumer_offsets-7 (cleaning prior to Fri Dec 06 16:06:51 GMT 2019, discarding tombstones prior to Thu Jan 01 01:00:00 GMT 1970)... (kafka.log.LogCleaner)
[2020-03-04 13:17:47,113] INFO Cleaner 0: Beginning cleaning of log __consumer_offsets-7. (kafka.log.LogCleaner)
[2020-03-04 13:17:47,113] INFO Cleaner 0: Building offset map for __consumer_offsets-7... (kafka.log.LogCleaner)
[2020-03-04 13:17:47,182] INFO Cleaner 0: Building offset map for log __consumer_offsets-7 for 1 segments in offset range [0, 1). (kafka.log.LogCleaner)
[2020-03-04 13:17:47,183] INFO Cleaner 0: Offset map for log __consumer_offsets-7 complete. (kafka.log.LogCleaner)
[2020-03-04 13:17:47,184] INFO Cleaner 0: Cleaning log __consumer_offsets-7 (cleaning prior to Fri Dec 06 16:06:51 GMT 2019, discarding tombstones prior to Thu Jan 01 01:00:00 GMT 1970)... (kafka.log.LogCleaner)
[2020-03-04 13:17:47,287] INFO Cleaner 0: Beginning cleaning of log __consumer_offsets-7. (kafka.log.LogCleaner)
[2020-03-04 13:17:47,287] INFO Cleaner 0: Building offset map for __consumer_offsets-7... (kafka.log.LogCleaner)
[2020-03-04 13:17:47,327] INFO Cleaner 0: Building offset map for log __consumer_offsets-7 for 1 segments in offset range [0, 1). (kafka.log.LogCleaner)
[2020-03-04 13:17:47,328] INFO Cleaner 0: Offset map for log __consumer_offsets-7 complete. (kafka.log.LogCleaner)
[2020-03-04 13:17:47,329] INFO Cleaner 0: Cleaning log __consumer_offsets-7 (cleaning prior to Fri Dec 06 16:06:51 GMT 2019, discarding tombstones prior to Thu Jan 01 01:00:00 GMT 1970)... (kafka.log.LogCleaner)
[2020-03-04 13:17:47,360] INFO Cleaner 0: Beginning cleaning of log __consumer_offsets-7. (kafka.log.LogCleaner)
[2020-03-04 13:17:47,360] INFO Cleaner 0: Building offset map for __consumer_offsets-7... (kafka.log.LogCleaner)
[2020-03-04 13:17:47,401] INFO Cleaner 0: Building offset map for log __consumer_offsets-7 for 1 segments in offset range [0, 1). (kafka.log.LogCleaner)
[2020-03-04 13:17:47,402] INFO Cleaner 0: Offset map for log __consumer_offsets-7 complete. (kafka.log.LogCleaner)
[2020-03-04 13:17:47,403] INFO Cleaner 0: Cleaning log __consumer_offsets-7 (cleaning prior to Fri Dec 06 16:06:51 GMT 2019, discarding tombstones prior to Thu Jan 01 01:00:00 GMT 1970)... (kafka.log.LogCleaner)
[2020-03-04 13:17:47,428] INFO Cleaner 0: Beginning cleaning of log __consumer_offsets-7. (kafka.log.LogCleaner)
[2020-03-04 13:17:47,428] INFO Cleaner 0: Building offset map for __consumer_offsets-7... (kafka.log.LogCleaner)
[2020-03-04 13:17:47,475] INFO Cleaner 0: Building offset map for log __consumer_offsets-7 for 1 segments in offset range [0, 1). (kafka.log.LogCleaner)
[2020-03-04 13:17:47,476] INFO Cleaner 0: Offset map for log __consumer_offsets-7 complete. (kafka.log.LogCleaner)
[2020-03-04 13:17:47,477] INFO Cleaner 0: Cleaning log __consumer_offsets-7 (cleaning prior to Fri Dec 06 16:06:51 GMT 2019, discarding tombstones prior to Thu Jan 01 01:00:00 GMT 1970)... (kafka.log.LogCleaner)
[2020-03-04 13:17:47,525] INFO Cleaner 0: Beginning cleaning of log __consumer_offsets-7. (kafka.log.LogCleaner)
[2020-03-04 13:17:47,525] INFO Cleaner 0: Building offset map for __consumer_offsets-7... (kafka.log.LogCleaner)
[2020-03-04 13:17:47,574] INFO Cleaner 0: Building offset map for log __consumer_offsets-7 for 1 segments in offset range [0, 1). (kafka.log.LogCleaner)
[2020-03-04 13:17:47,576] INFO Cleaner 0: Offset map for log __consumer_offsets-7 complete. (kafka.log.LogCleaner)
[2020-03-04 13:17:47,576] INFO Cleaner 0: Cleaning log __consumer_offsets-7 (cleaning prior to Fri Dec 06 16:06:51 GMT 2019, discarding tombstones prior to Thu Jan 01 01:00:00 GMT 1970)... (kafka.log.LogCleaner)
[2020-03-04 13:18:33,993] INFO Starting the log cleaner (kafka.log.LogCleaner)
[2020-03-04 13:18:34,104] INFO [kafka-log-cleaner-thread-0]: Starting (kafka.log.LogCleaner)
[2020-03-04 13:18:34,186] INFO Cleaner 0: Beginning cleaning of log __consumer_offsets-7. (kafka.log.LogCleaner)
[2020-03-04 13:18:34,187] INFO Cleaner 0: Building offset map for __consumer_offsets-7... (kafka.log.LogCleaner)
[2020-03-04 13:18:34,261] INFO Cleaner 0: Building offset map for log __consumer_offsets-7 for 1 segments in offset range [0, 1). (kafka.log.LogCleaner)
[2020-03-04 13:18:34,332] INFO Cleaner 0: Offset map for log __consumer_offsets-7 complete. (kafka.log.LogCleaner)
[2020-03-04 13:18:34,344] INFO Cleaner 0: Cleaning log __consumer_offsets-7 (cleaning prior to Fri Dec 06 16:06:51 GMT 2019, discarding tombstones prior to Thu Jan 01 01:00:00 GMT 1970)... (kafka.log.LogCleaner)
[2020-03-04 13:18:34,359] INFO Cleaner 0: Cleaning segment 0 in log __consumer_offsets-7 (largest timestamp Fri Dec 06 16:06:51 GMT 2019) into 0, retaining deletes. (kafka.log.LogCleaner)
[2020-03-04 13:18:34,527] INFO Cleaner 0: Swapping in cleaned segment LogSegment(baseOffset=0, size=324) for segment(s) List(LogSegment(baseOffset=0, size=324)) in log Log(C:\tmp\kafka-logs\__consumer_offsets-7) (kafka.log.LogCleaner)
[2020-03-04 13:18:34,656] INFO Cleaner 0: Beginning cleaning of log __consumer_offsets-7. (kafka.log.LogCleaner)
[2020-03-04 13:18:34,657] INFO Cleaner 0: Building offset map for __consumer_offsets-7... (kafka.log.LogCleaner)
[2020-03-04 13:18:34,778] INFO Cleaner 0: Building offset map for log __consumer_offsets-7 for 1 segments in offset range [0, 1). (kafka.log.LogCleaner)
[2020-03-04 13:18:34,780] INFO Cleaner 0: Offset map for log __consumer_offsets-7 complete. (kafka.log.LogCleaner)
[2020-03-04 13:18:34,782] INFO Cleaner 0: Cleaning log __consumer_offsets-7 (cleaning prior to Fri Dec 06 16:06:51 GMT 2019, discarding tombstones prior to Thu Jan 01 01:00:00 GMT 1970)... (kafka.log.LogCleaner)
[2020-03-04 13:18:34,840] INFO Cleaner 0: Beginning cleaning of log __consumer_offsets-7. (kafka.log.LogCleaner)
[2020-03-04 13:18:34,840] INFO Cleaner 0: Building offset map for __consumer_offsets-7... (kafka.log.LogCleaner)
[2020-03-04 13:18:34,899] INFO Cleaner 0: Building offset map for log __consumer_offsets-7 for 1 segments in offset range [0, 1). (kafka.log.LogCleaner)
[2020-03-04 13:18:34,900] INFO Cleaner 0: Offset map for log __consumer_offsets-7 complete. (kafka.log.LogCleaner)
[2020-03-04 13:18:34,900] INFO Cleaner 0: Cleaning log __consumer_offsets-7 (cleaning prior to Fri Dec 06 16:06:51 GMT 2019, discarding tombstones prior to Thu Jan 01 01:00:00 GMT 1970)... (kafka.log.LogCleaner)
[2020-03-04 13:18:34,931] INFO Cleaner 0: Beginning cleaning of log __consumer_offsets-7. (kafka.log.LogCleaner)
[2020-03-04 13:18:34,932] INFO Cleaner 0: Building offset map for __consumer_offsets-7... (kafka.log.LogCleaner)
[2020-03-04 13:18:34,982] INFO Cleaner 0: Building offset map for log __consumer_offsets-7 for 1 segments in offset range [0, 1). (kafka.log.LogCleaner)
[2020-03-04 13:18:34,983] INFO Cleaner 0: Offset map for log __consumer_offsets-7 complete. (kafka.log.LogCleaner)
[2020-03-04 13:18:34,984] INFO Cleaner 0: Cleaning log __consumer_offsets-7 (cleaning prior to Fri Dec 06 16:06:51 GMT 2019, discarding tombstones prior to Thu Jan 01 01:00:00 GMT 1970)... (kafka.log.LogCleaner)
[2020-03-04 13:18:35,015] INFO Cleaner 0: Beginning cleaning of log __consumer_offsets-7. (kafka.log.LogCleaner)
[2020-03-04 13:18:35,015] INFO Cleaner 0: Building offset map for __consumer_offsets-7... (kafka.log.LogCleaner)
[2020-03-04 13:18:35,070] INFO Cleaner 0: Building offset map for log __consumer_offsets-7 for 1 segments in offset range [0, 1). (kafka.log.LogCleaner)
[2020-03-04 13:18:35,071] INFO Cleaner 0: Offset map for log __consumer_offsets-7 complete. (kafka.log.LogCleaner)
[2020-03-04 13:18:35,072] INFO Cleaner 0: Cleaning log __consumer_offsets-7 (cleaning prior to Fri Dec 06 16:06:51 GMT 2019, discarding tombstones prior to Thu Jan 01 01:00:00 GMT 1970)... (kafka.log.LogCleaner)
[2020-03-04 13:18:35,105] INFO Cleaner 0: Beginning cleaning of log __consumer_offsets-7. (kafka.log.LogCleaner)
[2020-03-04 13:18:35,105] INFO Cleaner 0: Building offset map for __consumer_offsets-7... (kafka.log.LogCleaner)
[2020-03-04 13:18:35,155] INFO Cleaner 0: Building offset map for log __consumer_offsets-7 for 1 segments in offset range [0, 1). (kafka.log.LogCleaner)
[2020-03-04 13:18:35,157] INFO Cleaner 0: Offset map for log __consumer_offsets-7 complete. (kafka.log.LogCleaner)
[2020-03-04 13:18:35,158] INFO Cleaner 0: Cleaning log __consumer_offsets-7 (cleaning prior to Fri Dec 06 16:06:51 GMT 2019, discarding tombstones prior to Thu Jan 01 01:00:00 GMT 1970)... (kafka.log.LogCleaner)
[2020-03-04 13:18:35,218] INFO Cleaner 0: Beginning cleaning of log __consumer_offsets-7. (kafka.log.LogCleaner)
[2020-03-04 13:18:35,218] INFO Cleaner 0: Building offset map for __consumer_offsets-7... (kafka.log.LogCleaner)
[2020-03-04 13:18:35,268] INFO Cleaner 0: Building offset map for log __consumer_offsets-7 for 1 segments in offset range [0, 1). (kafka.log.LogCleaner)
[2020-03-04 13:18:35,270] INFO Cleaner 0: Offset map for log __consumer_offsets-7 complete. (kafka.log.LogCleaner)
[2020-03-04 13:18:35,270] INFO Cleaner 0: Cleaning log __consumer_offsets-7 (cleaning prior to Fri Dec 06 16:06:51 GMT 2019, discarding tombstones prior to Thu Jan 01 01:00:00 GMT 1970)... (kafka.log.LogCleaner)
[2020-03-04 13:18:35,306] INFO Cleaner 0: Beginning cleaning of log __consumer_offsets-7. (kafka.log.LogCleaner)
[2020-03-04 13:18:35,306] INFO Cleaner 0: Building offset map for __consumer_offsets-7... (kafka.log.LogCleaner)
[2020-03-04 13:18:35,353] INFO Cleaner 0: Building offset map for log __consumer_offsets-7 for 1 segments in offset range [0, 1). (kafka.log.LogCleaner)
[2020-03-04 13:18:35,354] INFO Cleaner 0: Offset map for log __consumer_offsets-7 complete. (kafka.log.LogCleaner)
[2020-03-04 13:18:35,355] INFO Cleaner 0: Cleaning log __consumer_offsets-7 (cleaning prior to Fri Dec 06 16:06:51 GMT 2019, discarding tombstones prior to Thu Jan 01 01:00:00 GMT 1970)... (kafka.log.LogCleaner)
[2020-03-04 13:33:07,314] INFO Starting the log cleaner (kafka.log.LogCleaner)
[2020-03-04 13:33:07,415] INFO [kafka-log-cleaner-thread-0]: Starting (kafka.log.LogCleaner)
